<?xml version="1.0" encoding="UTF-8"?>
<!-- Generated by org.testng.reporters.JUnitXMLReporter -->
<testsuite ignored="0" hostname="Dhaval" failures="0" tests="3" name="Default test" time="2.44" errors="0" timestamp="2024-12-01T23:25:30 EST">
  <testcase classname="com.example.api.ApiTest" name="testAllPosts" time="2.096"/>
  <testcase classname="com.example.api.ApiTest" name="testGetRequest" time="0.099"/>
  <testcase classname="com.example.api.ApiTest" name="testPostRequest" time="0.193"/>
</testsuite> <!-- Default test -->
