<?xml version="1.0" encoding="UTF-8"?>
<testng-results ignored="0" total="3" passed="3" failed="0" skipped="0">
  <reporter-output>
  </reporter-output>
  <suite started-at="2024-12-01T23:25:28 EST" name="Default suite" finished-at="2024-12-01T23:25:30 EST" duration-ms="2440">
    <groups>
    </groups>
    <test started-at="2024-12-01T23:25:28 EST" name="Default test" finished-at="2024-12-01T23:25:30 EST" duration-ms="2440">
      <class name="com.example.api.ApiTest">
        <test-method signature="testAllPosts()[pri:0, instance:com.example.api.ApiTest@f736069]" started-at="2024-12-01T23:25:28 EST" name="testAllPosts" finished-at="2024-12-01T23:25:30 EST" duration-ms="2096" status="PASS">
          <reporter-output>
          </reporter-output>
        </test-method> <!-- testAllPosts -->
        <test-method signature="testGetRequest()[pri:0, instance:com.example.api.ApiTest@f736069]" started-at="2024-12-01T23:25:30 EST" name="testGetRequest" finished-at="2024-12-01T23:25:30 EST" duration-ms="99" status="PASS">
          <reporter-output>
          </reporter-output>
        </test-method> <!-- testGetRequest -->
        <test-method signature="testPostRequest()[pri:0, instance:com.example.api.ApiTest@f736069]" started-at="2024-12-01T23:25:30 EST" name="testPostRequest" finished-at="2024-12-01T23:25:30 EST" duration-ms="193" status="PASS">
          <reporter-output>
          </reporter-output>
        </test-method> <!-- testPostRequest -->
      </class> <!-- com.example.api.ApiTest -->
    </test> <!-- Default test -->
  </suite> <!-- Default suite -->
</testng-results>
